<?xml version="1.0" encoding="utf-8"?><testsuites name="pytest tests"><testsuite name="pytest" errors="0" failures="0" skipped="0" tests="10" time="34.664" timestamp="2026-04-15T17:28:57.233796+00:00" hostname="agent-env-ec9c98a8-2fa0-48a6-b6cb-a279d1654037"><testcase classname="tests.test_sse_toast_notifications.TestSSEPayloadFormat" name="test_attendance_update_includes_sender_and_member_details" time="4.652" /><testcase classname="tests.test_sse_toast_notifications.TestSSEPayloadFormat" name="test_member_create_includes_sender_and_details" time="3.797" /><testcase classname="tests.test_sse_toast_notifications.TestSSEPayloadFormat" name="test_member_delete_includes_sender_and_details" time="3.778" /><testcase classname="tests.test_sse_toast_notifications.TestSSEPayloadFormat" name="test_treasury_create_includes_sender_and_amount" time="4.781" /><testcase classname="tests.test_sse_toast_notifications.TestSSEPayloadFormat" name="test_speaker_add_includes_sender_and_details" time="3.796" /><testcase classname="tests.test_sse_toast_notifications.TestSSEPayloadFormat" name="test_guest_add_includes_sender_and_details" time="3.788" /><testcase classname="tests.test_sse_toast_notifications.TestClientIdMiddleware" name="test_middleware_extracts_client_id" time="4.451" /><testcase classname="tests.test_sse_toast_notifications.TestClientIdMiddleware" name="test_empty_client_id_when_header_missing" time="4.204" /><testcase classname="tests.test_sse_toast_notifications.TestLoginAndPageLoad" name="test_login_works" time="0.436" /><testcase classname="tests.test_sse_toast_notifications.TestLoginAndPageLoad" name="test_all_api_endpoints_accessible" time="0.924" /></testsuite></testsuites>