<?xml version="1.0" encoding="utf-8"?><testsuites name="pytest tests"><testsuite name="pytest" errors="0" failures="2" skipped="0" tests="15" time="81.347" timestamp="2026-04-15T15:49:50.313041+00:00" hostname="agent-env-ec9c98a8-2fa0-48a6-b6cb-a279d1654037"><testcase classname="backend.tests.test_sse_realtime_sync.TestSSEInfrastructure" name="test_sse_endpoint_rejects_invalid_token" time="40.565" /><testcase classname="backend.tests.test_sse_realtime_sync.TestSSEInfrastructure" name="test_sse_endpoint_accepts_valid_token" time="1.419" /><testcase classname="backend.tests.test_sse_realtime_sync.TestAttendanceBroadcast" name="test_post_attendance_returns_success" time="2.667" /><testcase classname="backend.tests.test_sse_realtime_sync.TestAttendanceBroadcast" name="test_attendance_update_triggers_broadcast" time="7.653"><failure message="AssertionError: Expected 'attendance_updated' event, received: []&#10;assert 'attendance_updated' in []">backend/tests/test_sse_realtime_sync.py:149: in test_attendance_update_triggers_broadcast
    assert "attendance_updated" in events_received, \
E   AssertionError: Expected 'attendance_updated' event, received: []
E   assert 'attendance_updated' in []</failure></testcase><testcase classname="backend.tests.test_sse_realtime_sync.TestMembersBroadcast" name="test_post_member_returns_success" time="2.336" /><testcase classname="backend.tests.test_sse_realtime_sync.TestMembersBroadcast" name="test_put_member_returns_success" time="3.936" /><testcase classname="backend.tests.test_sse_realtime_sync.TestMembersBroadcast" name="test_delete_member_returns_success" time="3.734" /><testcase classname="backend.tests.test_sse_realtime_sync.TestSpeakersBroadcast" name="test_post_speaker_returns_success" time="2.330" /><testcase classname="backend.tests.test_sse_realtime_sync.TestSpeakersBroadcast" name="test_speakers_import_csv_returns_success" time="1.352" /><testcase classname="backend.tests.test_sse_realtime_sync.TestTreasuryBroadcast" name="test_post_treasury_returns_success" time="1.968" /><testcase classname="backend.tests.test_sse_realtime_sync.TestSettingsBroadcast" name="test_post_msp_validity_returns_success" time="1.689" /><testcase classname="backend.tests.test_sse_realtime_sync.TestSettingsBroadcast" name="test_post_speaker_interval_returns_success" time="2.040" /><testcase classname="backend.tests.test_sse_realtime_sync.TestImportExportBroadcast" name="test_export_returns_versioned_json" time="1.504"><failure message="AssertionError: assert 'members' in {'app_name': 'BNI Prezenta', 'counts': {'attendance': 11, 'guests': 6, 'members': 6}, 'data': {'attendance': [{'data': '2026-02-11', 'member_id': 'f23f9c42-fb09-4107-82cc-aed76efc4e88', 'nume_inlocuitor': '', 'prezent': True, ...}, {'data': '2026-02-11', 'member_id': 'd8454d96-4fa0-460c-9af0-875f1ce4f2e8', 'nume_inlocuitor': 'Test Inlocuitor', 'prezent': False, ...}, {'data': '2026-02-21', 'member_id': 'd9f3825f-d4ed-4ab0-8830-f4bb60748eda', 'nume_inlocuitor': '', 'prezent': False, ...}, {'data': '2026-03-31', 'member_id': 'f23f9c42-fb09-4107-82cc-aed76efc4e88', 'nume_inlocuitor': '', 'prezent': False, ...}, {'data': '2026-04-01', 'member_id': 'f23f9c42-fb09-4107-82cc-aed76efc4e88', 'nume_inlocuitor': '', 'prezent': True, ...}, {'data': '2026-04-01', 'member_id': 'd9f3825f-d4ed-4ab0-8830-f4bb60748eda', 'nume_inlocuitor': '', 'prezent': True, ...}, ...], 'guests': [{'companie': 'Test Company', 'created_at': '2026-02-11T16:48:52.531172+00:00', 'data': '2026-01-15', 'id': 'TEST_guest_001', ...}, {'companie': 'Test SRL', 'data': '2026-02-11', 'id': '5d1ed9d9-d21d-4d8e-b524-9bc07849ce4a', 'invitat_de': 'Ion Popescu', ...}, {'companie': 'Test SRL', 'data': '2026-02-11', 'id': '49bec5d6-36d9-4334-98a6-42e9dac50038', 'invitat_de': '', ...}, {'companie': 'ABC SRL', 'data': '2026-02-21', 'id': 'e9ed61fe-49e6-4eca-b82d-d1d0d8b1eb9b', 'invitat_de': '', ...}, {'companie': 'Shruggie', 'data': '2026-02-21', 'id': '8b868469-89ea-4ce2-a804-e6c80ecae56e', 'invitat_de': 'Andrei Georgescu', ...}, {'companie': 'Taladin', 'data': '2026-02-21', 'id': 'ff4ed187-a8e8-4d38-85e8-0cfa9a08448b', 'invitat_de': 'Ion Popescu', ...}], 'members': [{'activ': True, 'cod_postal': '', 'companie': '', 'data_msp': '2026-01-01', ...}, {'cod_postal': '', 'companie': '', 'data_msp': '2026-03-02', 'domeniu': '', ...}, {'activ': False, 'id': '69afc68f-f6b3-4fbb-b00f-f587713f4238', 'nr': 3, 'nume': 'Ionescu', ...}, {'cod_postal': '', 'companie': '', 'data_msp': '2026-04-02', 'domeniu': '', ...}, {'id': 'e6ba93d1-450d-491f-b469-0742108d10e3', 'nr': 5, 'nume': 'Vasilescu', 'nume_inlocuitor': '', ...}, {'activ': True, 'cod_postal': '', 'companie': '', 'data_msp': None, ...}]}, 'export_date': '2026-04-15T15:51:03.218710+00:00', ...}">backend/tests/test_sse_realtime_sync.py:382: in test_export_returns_versioned_json
    assert "members" in data
E   AssertionError: assert 'members' in {'app_name': 'BNI Prezenta', 'counts': {'attendance': 11, 'guests': 6, 'members': 6}, 'data': {'attendance': [{'data': '2026-02-11', 'member_id': 'f23f9c42-fb09-4107-82cc-aed76efc4e88', 'nume_inlocuitor': '', 'prezent': True, ...}, {'data': '2026-02-11', 'member_id': 'd8454d96-4fa0-460c-9af0-875f1ce4f2e8', 'nume_inlocuitor': 'Test Inlocuitor', 'prezent': False, ...}, {'data': '2026-02-21', 'member_id': 'd9f3825f-d4ed-4ab0-8830-f4bb60748eda', 'nume_inlocuitor': '', 'prezent': False, ...}, {'data': '2026-03-31', 'member_id': 'f23f9c42-fb09-4107-82cc-aed76efc4e88', 'nume_inlocuitor': '', 'prezent': False, ...}, {'data': '2026-04-01', 'member_id': 'f23f9c42-fb09-4107-82cc-aed76efc4e88', 'nume_inlocuitor': '', 'prezent': True, ...}, {'data': '2026-04-01', 'member_id': 'd9f3825f-d4ed-4ab0-8830-f4bb60748eda', 'nume_inlocuitor': '', 'prezent': True, ...}, ...], 'guests': [{'companie': 'Test Company', 'created_at': '2026-02-11T16:48:52.531172+00:00', 'data': '2026-01-15', 'id': 'TEST_guest_001', ...}, {'companie': 'Test SRL', 'data': '2026-02-11', 'id': '5d1ed9d9-d21d-4d8e-b524-9bc07849ce4a', 'invitat_de': 'Ion Popescu', ...}, {'companie': 'Test SRL', 'data': '2026-02-11', 'id': '49bec5d6-36d9-4334-98a6-42e9dac50038', 'invitat_de': '', ...}, {'companie': 'ABC SRL', 'data': '2026-02-21', 'id': 'e9ed61fe-49e6-4eca-b82d-d1d0d8b1eb9b', 'invitat_de': '', ...}, {'companie': 'Shruggie', 'data': '2026-02-21', 'id': '8b868469-89ea-4ce2-a804-e6c80ecae56e', 'invitat_de': 'Andrei Georgescu', ...}, {'companie': 'Taladin', 'data': '2026-02-21', 'id': 'ff4ed187-a8e8-4d38-85e8-0cfa9a08448b', 'invitat_de': 'Ion Popescu', ...}], 'members': [{'activ': True, 'cod_postal': '', 'companie': '', 'data_msp': '2026-01-01', ...}, {'cod_postal': '', 'companie': '', 'data_msp': '2026-03-02', 'domeniu': '', ...}, {'activ': False, 'id': '69afc68f-f6b3-4fbb-b00f-f587713f4238', 'nr': 3, 'nume': 'Ionescu', ...}, {'cod_postal': '', 'companie': '', 'data_msp': '2026-04-02', 'domeniu': '', ...}, {'id': 'e6ba93d1-450d-491f-b469-0742108d10e3', 'nr': 5, 'nume': 'Vasilescu', 'nume_inlocuitor': '', ...}, {'activ': True, 'cod_postal': '', 'companie': '', 'data_msp': None, ...}]}, 'export_date': '2026-04-15T15:51:03.218710+00:00', ...}</failure></testcase><testcase classname="backend.tests.test_sse_realtime_sync.TestImportExportBroadcast" name="test_import_returns_success" time="3.565" /><testcase classname="backend.tests.test_sse_realtime_sync.TestGuestsBroadcast" name="test_post_guest_returns_success" time="4.480" /></testsuite></testsuites>