<?xml version="1.0" encoding="utf-8"?><testsuites name="pytest tests"><testsuite name="pytest" errors="0" failures="0" skipped="0" tests="13" time="3.924" timestamp="2026-01-31T15:38:38.387799+00:00" hostname="agent-env-bede816d-0bd7-4f3d-a84c-131051c07d1d"><testcase classname="backend.tests.test_export_import.TestExportImport" name="test_export_endpoint_returns_200" time="0.322" /><testcase classname="backend.tests.test_export_import.TestExportImport" name="test_export_returns_versioned_json" time="0.274" /><testcase classname="backend.tests.test_export_import.TestExportImport" name="test_export_contains_required_fields" time="0.275" /><testcase classname="backend.tests.test_export_import.TestExportImport" name="test_export_counts_match_data_length" time="0.277" /><testcase classname="backend.tests.test_export_import.TestExportImport" name="test_import_endpoint_accepts_valid_json" time="0.320" /><testcase classname="backend.tests.test_export_import.TestExportImport" name="test_import_returns_correct_counts" time="0.309" /><testcase classname="backend.tests.test_export_import.TestExportImport" name="test_import_updates_existing_data" time="0.314" /><testcase classname="backend.tests.test_export_import.TestExportImport" name="test_import_handles_attendance_data" time="0.271" /><testcase classname="backend.tests.test_export_import.TestExportImport" name="test_import_handles_guests_data" time="0.275" /><testcase classname="backend.tests.test_export_import.TestExportImport" name="test_export_import_roundtrip" time="0.289" /><testcase classname="backend.tests.test_export_import.TestExportImport" name="test_import_without_auth_fails" time="0.327" /><testcase classname="backend.tests.test_export_import.TestExportImport" name="test_export_without_auth_fails" time="0.289" /><testcase classname="backend.tests.test_export_import.TestCleanup" name="test_cleanup_test_members" time="0.272" /></testsuite></testsuites>