<?xml version="1.0" encoding="utf-8"?><testsuites name="pytest tests"><testsuite name="pytest" errors="0" failures="0" skipped="0" tests="27" time="7.569" timestamp="2026-02-06T15:32:41.554768+00:00" hostname="agent-env-bbe73744-5e86-4368-912f-38def6d2ee97"><testcase classname="backend.tests.test_all_features.TestAuthentication" name="test_login_with_admin_credentials" time="0.285" /><testcase classname="backend.tests.test_all_features.TestAuthentication" name="test_login_with_invalid_credentials" time="0.040" /><testcase classname="backend.tests.test_all_features.TestAuthentication" name="test_get_me_with_valid_token" time="0.275" /><testcase classname="backend.tests.test_all_features.TestMembers" name="test_get_members_list" time="0.278" /><testcase classname="backend.tests.test_all_features.TestMembers" name="test_create_member" time="0.333" /><testcase classname="backend.tests.test_all_features.TestMembers" name="test_members_sorted_alphabetically" time="0.278" /><testcase classname="backend.tests.test_all_features.TestGuests" name="test_create_guest" time="0.280" /><testcase classname="backend.tests.test_all_features.TestGuests" name="test_update_guest_prezent" time="0.341" /><testcase classname="backend.tests.test_all_features.TestGuests" name="test_update_guest_inlocuitor" time="0.313" /><testcase classname="backend.tests.test_all_features.TestAttendance" name="test_get_daily_attendance" time="0.275" /><testcase classname="backend.tests.test_all_features.TestAttendance" name="test_attendance_dates_list" time="0.269" /><testcase classname="backend.tests.test_all_features.TestAttendance" name="test_update_member_attendance" time="0.286" /><testcase classname="backend.tests.test_all_features.TestExportImport" name="test_export_returns_json" time="0.275" /><testcase classname="backend.tests.test_all_features.TestExportImport" name="test_import_accepts_json" time="0.270" /><testcase classname="backend.tests.test_export_import.TestExportImport" name="test_export_endpoint_returns_200" time="0.266" /><testcase classname="backend.tests.test_export_import.TestExportImport" name="test_export_returns_versioned_json" time="0.271" /><testcase classname="backend.tests.test_export_import.TestExportImport" name="test_export_contains_required_fields" time="0.270" /><testcase classname="backend.tests.test_export_import.TestExportImport" name="test_export_counts_match_data_length" time="0.271" /><testcase classname="backend.tests.test_export_import.TestExportImport" name="test_import_endpoint_accepts_valid_json" time="0.269" /><testcase classname="backend.tests.test_export_import.TestExportImport" name="test_import_returns_correct_counts" time="0.289" /><testcase classname="backend.tests.test_export_import.TestExportImport" name="test_import_updates_existing_data" time="0.295" /><testcase classname="backend.tests.test_export_import.TestExportImport" name="test_import_handles_attendance_data" time="0.267" /><testcase classname="backend.tests.test_export_import.TestExportImport" name="test_import_handles_guests_data" time="0.271" /><testcase classname="backend.tests.test_export_import.TestExportImport" name="test_export_import_roundtrip" time="0.320" /><testcase classname="backend.tests.test_export_import.TestExportImport" name="test_import_without_auth_fails" time="0.342" /><testcase classname="backend.tests.test_export_import.TestExportImport" name="test_export_without_auth_fails" time="0.295" /><testcase classname="backend.tests.test_export_import.TestCleanup" name="test_cleanup_test_members" time="0.268" /></testsuite></testsuites>